2025-10-30T14:00:00Z 00_readme.html updated PASS
2025-10-30T14:12:00Z 01_getting-started.html updated PASS
2025-10-30T14:24:00Z 03_prompt-basics.html updated PASS
2025-10-30T14:36:00Z 04_response-contracts.html updated PASS
2025-10-30T14:48:00Z 05_structured-output.html updated PASS
2025-10-30T15:00:00Z 10_sessions-and-context.html updated PASS
2025-10-30T15:12:00Z 11_custom-instructions.html updated PASS
2025-10-30T15:24:00Z 43_automations-and-reminders.html updated PASS
2025-10-30T15:36:00Z 50_collaboration-workflows.html updated PASS
2025-10-30T15:48:00Z 51_prompt-handovers.html updated PASS
2025-10-30T16:00:00Z 52_version-control-for-prompts.html updated PASS
2025-10-30T16:12:00Z 53_knowledge-bases.html updated PASS
2025-10-30T16:24:00Z 54_meetings-and-agendas.html updated PASS
2025-10-30T16:36:00Z 55_documentation-handoffs.html updated PASS
2025-10-30T16:48:00Z 56_asynchronous-collaboration.html updated PASS
2025-10-30T17:00:00Z 57_co-creation-workshops.html updated PASS
2025-10-30T17:12:00Z 80_templates-library.html updated PASS
2025-10-30T17:24:00Z 81_project-blueprints.html updated PASS
2025-10-30T17:36:00Z 82_quality-assurance_loops.html updated PASS
2025-10-30T17:48:00Z 83_integrations-and-tools.html updated PASS
2025-10-30T18:05:00Z S0-1 updated PASS
2025-10-30T18:20:00Z S0-2 updated PASS
2025-10-30T18:32:00Z S0-3 updated PASS
2025-10-30T18:50:00Z S0-4 updated PASS
2025-10-30T18:55:00Z S0-5 verified PASS
2025-10-30T19:10:00Z S1-1 updated PASS
2025-10-30T19:22:00Z S1-2 updated PASS
2025-10-30T19:32:00Z S1-3 updated PASS
2025-10-30T19:36:00Z S1-4 verified PASS
2025-10-30T19:40:00Z S1-5 verified PASS
2025-10-30T19:43:00Z S1-6 verified PASS
2025-10-30T19:50:00Z S2-1 updated PASS
2025-10-30T19:55:00Z S2-2 updated PASS
2025-10-30T20:02:00Z S2-3 updated PASS
2025-10-31T00:13:40Z S2-4 updated PASS
2025-10-31T00:19:14Z S1-7 created PASS
2025-10-31T00:20:59Z S2-5 created PASS
2025-10-31T00:31:23Z S3-1 updated PASS
2025-10-31T00:32:07Z S3-2 updated PASS
2025-10-31T00:32:49Z S3-3 updated PASS
2025-10-31T00:34:03Z S3-4 updated PASS
2025-10-31T00:34:52Z S3-5 updated PASS
2025-10-31T00:35:34Z S3-6 updated PASS
2025-10-31T00:37:02Z S3-7 created PASS
2025-10-31T00:37:48Z S4-1 updated PASS
2025-10-31T00:38:40Z S4-2 updated PASS
2025-10-31T00:39:26Z S4-3 updated PASS
2025-10-31T00:40:29Z S4-4 updated PASS
2025-10-31T00:41:16Z S4-5 updated PASS
2025-10-31T00:42:11Z S4-6 created PASS
2025-10-31T00:43:14Z S5-1 updated PASS
2025-10-31T00:44:04Z S5-2 updated PASS
2025-10-31T06:45:53Z S5-3 updated PASS
2025-10-31T06:56:06Z S5-4 updated PASS
2025-10-31T07:08:11Z S5-5 created PASS
2025-10-31T07:09:19Z S6-1 updated PASS
2025-10-31T07:10:49Z S6-2 created PASS
2025-10-31T07:13:24Z S6-3 created PASS
2025-10-31T07:15:21Z S6-4 created PASS
2025-10-31T07:18:19Z S6-5 created PASS
2025-10-31T07:32:37Z S7-1 created PASS
2025-10-31T07:36:00Z S7-2 created PASS
2025-10-31T07:42:34Z S7-3 created PASS
2025-10-31T07:43:44Z S7-4 created PASS
2025-10-31T07:44:38Z S7-5 created PASS
2025-10-31T07:46:07Z 70_safety-and-ethics created PASS
2025-10-31T07:47:11Z 71_troubleshooting-bad-answers created PASS
2025-10-31T07:48:24Z 72_power-user-checklists created PASS
2025-10-31T07:53:55Z 82_quality-assurance_loops created PASS
2025-10-31T07:54:45Z safety-quality-assessment created PASS
2025-10-31T07:58:04Z 80_templates-library updated PASS
2025-10-31T07:58:04Z 81_project-blueprints updated PASS
2025-10-31T07:58:04Z 83_integrations-and-tools updated PASS
2025-10-31T09:15:00Z data/prompt-library/catalog.json updated PASS
2025-10-31T09:22:00Z Prompt categories updated PASS
2025-10-31T09:40:00Z guides/84_prompt-library.html updated PASS
2025-10-31T09:45:00Z js/search.js updated PASS
2025-10-31T09:46:00Z js/search.js verified PASS
2025-10-31T14:54:43.4633782Z | S7-9 | created | PASS
2025-10-31T14:55:33.5580552Z | S7-10 | updated | PASS
2025-10-31T15:30:00Z | SW-1 | created | PASS
2025-10-31T15:40:00Z | SW-2 | created | PASS
2025-10-31T15:50:00Z | SW-3 | updated | PASS
2025-10-31T16:05:00Z | SW-4 | created | PASS
2025-10-31T16:20:00Z | SW-5 | created | PASS
2025-10-31T16:35:00Z | SW-6 | created | PASS
2025-10-31T16:45:00Z | S9-1 | updated | PASS
2025-10-31T16:55:00Z | S9-2 | updated | PASS
2025-10-31T17:05:00Z | S9-3 | updated | PASS
2025-10-31T18:05:00Z | T10-2 | updated | PASS
2025-10-31T18:25:00Z | T10-3 | updated | PASS
2025-10-31T18:40:00Z | T10-4 | created | PASS
2025-10-31T18:55:00Z | T10-5 | updated | PASS
